<?xml version="1.0" encoding="UTF-8"?>
<!-- Generated by org.testng.reporters.JUnitReportReporter -->
<testsuite hostname="DESKTOP-LB6NNST" failures="0" tests="6" name="Test_classes.TestClass1" time="30.661" errors="0" timestamp="2022-06-09T11:29:30 IST" skipped="0">
  <testcase classname="Test_classes.TestClass1" name="verifyUserCanSearchProduct" time="14.862"/>
  <system-out/>
  <testcase classname="Test_classes.TestClass1" name="verifyUserCanLogin" time="3.057"/>
  <system-out/>
  <testcase classname="Test_classes.TestClass1" name="verfyUserCanGoToPDP" time="0.255"/>
  <system-out/>
  <testcase classname="Test_classes.TestClass1" name="verfyUserCanGoToPDP" time="0.073"/>
  <system-out/>
  <testcase classname="Test_classes.TestClass1" name="verifyUserCanSearchProduct" time="10.799"/>
  <system-out/>
  <testcase classname="Test_classes.TestClass1" name="verifyUserCanLogin" time="1.615"/>
  <system-out/>
</testsuite> <!-- Test_classes.TestClass1 -->
